{
  "run_rows": [
    {
      "mode": "pol0_angle0",
      "polarization_angle_deg": 0.0,
      "status": "reused",
      "runtime_seconds": 0.13469860004261136,
      "case_fsp": "D:\\project\\blue_apcd_microled_metasurface\\outputs\\stage_rcled_mdc_blue_oujizi_2d_plane_wave_spectrum\\rcled_mdc_blue_oujizi_2d_plane_wave_spectrum_pol0_angle0.fsp",
      "case_fsp_bytes": 1479136
    },
    {
      "mode": "pol90_angle90",
      "polarization_angle_deg": 90.0,
      "status": "reused",
      "runtime_seconds": 0.15978859993629158,
      "case_fsp": "D:\\project\\blue_apcd_microled_metasurface\\outputs\\stage_rcled_mdc_blue_oujizi_2d_plane_wave_spectrum\\rcled_mdc_blue_oujizi_2d_plane_wave_spectrum_pol90_angle90.fsp",
      "case_fsp_bytes": 1479136
    }
  ],
  "figures": [
    "D:\\project\\blue_apcd_microled_metasurface\\outputs\\stage_rcled_mdc_blue_oujizi_2d_plane_wave_spectrum\\figures\\T_norm_vs_wavelength.png",
    "D:\\project\\blue_apcd_microled_metasurface\\outputs\\stage_rcled_mdc_blue_oujizi_2d_plane_wave_spectrum\\figures\\T_R_loss_proxy_vs_wavelength.png",
    "D:\\project\\blue_apcd_microled_metasurface\\outputs\\stage_rcled_mdc_blue_oujizi_2d_plane_wave_spectrum\\figures\\gaussian_fwhm6_weights_447_453.png",
    "D:\\project\\blue_apcd_microled_metasurface\\outputs\\stage_rcled_mdc_blue_oujizi_2d_plane_wave_spectrum\\figures\\polarization_mode_comparison.png"
  ]
}